# JRE version: OpenJDK Runtime Environment (8.0_242-b01) (build 1.8.0_242-release-1644-b01)
# Java VM: OpenJDK 64-Bit Server VM (25.242-b01 mixed mode windows-amd64 compressed oops)
Heap:
 PSYoungGen      total 629760K, used 69789K [0x00000000d5580000, 0x0000000100000000, 0x0000000100000000)
  eden space 581120K, 3% used [0x00000000d5580000,0x00000000d6a2e2f0,0x00000000f8d00000)
  from space 48640K, 99% used [0x00000000f8d00000,0x00000000fbc79260,0x00000000fbc80000)
  to   space 59392K, 0% used [0x00000000fc600000,0x00000000fc600000,0x0000000100000000)
 ParOldGen       total 331776K, used 98875K [0x0000000080000000, 0x0000000094400000, 0x00000000d5580000)
  object space 331776K, 29% used [0x0000000080000000,0x000000008608ecd0,0x0000000094400000)
 Metaspace       used 117824K, capacity 127844K, committed 128024K, reserved 1161216K
  class space    used 15347K, capacity 17140K, committed 17200K, reserved 1048576K
GC Heap History (10 events):
Event: 1103.451 GC heap before
{Heap before GC invocations=27 (full 4):
 PSYoungGen      total 453632K, used 439877K [0x00000000d5580000, 0x00000000f4a80000, 0x0000000100000000)
  eden space 404480K, 100% used [0x00000000d5580000,0x00000000ee080000,0x00000000ee080000)
  from space 49152K, 72% used [0x00000000f1200000,0x00000000f34914c0,0x00000000f4200000)
  to   space 50688K, 0% used [0x00000000ee080000,0x00000000ee080000,0x00000000f1200000)
 ParOldGen       total 331776K, used 59813K [0x0000000080000000, 0x0000000094400000, 0x00000000d5580000)
  object space 331776K, 18% used [0x0000000080000000,0x0000000083a69620,0x0000000094400000)
 Metaspace       used 94737K, capacity 101736K, committed 101912K, reserved 1138688K
  class space    used 12249K, capacity 13546K, committed 13616K, reserved 1048576K
Event: 1103.483 GC heap after
Heap after GC invocations=27 (full 4):
 PSYoungGen      total 455168K, used 2087K [0x00000000d5580000, 0x00000000fb380000, 0x0000000100000000)
  eden space 404480K, 0% used [0x00000000d5580000,0x00000000d5580000,0x00000000ee080000)
  from space 50688K, 4% used [0x00000000ee080000,0x00000000ee289cf8,0x00000000f1200000)
  to   space 52224K, 0% used [0x00000000f8080000,0x00000000f8080000,0x00000000fb380000)
 ParOldGen       total 331776K, used 85422K [0x0000000080000000, 0x0000000094400000, 0x00000000d5580000)
  object space 331776K, 25% used [0x0000000080000000,0x000000008536b908,0x0000000094400000)
 Metaspace       used 94737K, capacity 101736K, committed 101912K, reserved 1138688K
  class space    used 12249K, capacity 13546K, committed 13616K, reserved 1048576K
}
Event: 1106.015 GC heap before
{Heap before GC invocations=28 (full 4):
 PSYoungGen      total 455168K, used 406567K [0x00000000d5580000, 0x00000000fb380000, 0x0000000100000000)
  eden space 404480K, 100% used [0x00000000d5580000,0x00000000ee080000,0x00000000ee080000)
  from space 50688K, 4% used [0x00000000ee080000,0x00000000ee289cf8,0x00000000f1200000)
  to   space 52224K, 0% used [0x00000000f8080000,0x00000000f8080000,0x00000000fb380000)
 ParOldGen       total 331776K, used 85422K [0x0000000080000000, 0x0000000094400000, 0x00000000d5580000)
  object space 331776K, 25% used [0x0000000080000000,0x000000008536b908,0x0000000094400000)
 Metaspace       used 95045K, capacity 102168K, committed 102424K, reserved 1138688K
  class space    used 12273K, capacity 13578K, committed 13616K, reserved 1048576K
Event: 1106.032 GC heap after
Heap after GC invocations=28 (full 4):
 PSYoungGen      total 544768K, used 16999K [0x00000000d5580000, 0x00000000fa600000, 0x0000000100000000)
  eden space 506368K, 0% used [0x00000000d5580000,0x00000000d5580000,0x00000000f4400000)
  from space 38400K, 44% used [0x00000000f8080000,0x00000000f9119f88,0x00000000fa600000)
  to   space 50176K, 0% used [0x00000000f4400000,0x00000000f4400000,0x00000000f7500000)
 ParOldGen       total 331776K, used 85830K [0x0000000080000000, 0x0000000094400000, 0x00000000d5580000)
  object space 331776K, 25% used [0x0000000080000000,0x00000000853d1908,0x0000000094400000)
 Metaspace       used 95045K, capacity 102168K, committed 102424K, reserved 1138688K
  class space    used 12273K, capacity 13578K, committed 13616K, reserved 1048576K
}
Event: 1173.296 GC heap before
{Heap before GC invocations=29 (full 4):
 PSYoungGen      total 544768K, used 523367K [0x00000000d5580000, 0x00000000fa600000, 0x0000000100000000)
  eden space 506368K, 100% used [0x00000000d5580000,0x00000000f4400000,0x00000000f4400000)
  from space 38400K, 44% used [0x00000000f8080000,0x00000000f9119f88,0x00000000fa600000)
  to   space 50176K, 0% used [0x00000000f4400000,0x00000000f4400000,0x00000000f7500000)
 ParOldGen       total 331776K, used 85830K [0x0000000080000000, 0x0000000094400000, 0x00000000d5580000)
  object space 331776K, 25% used [0x0000000080000000,0x00000000853d1908,0x0000000094400000)
 Metaspace       used 101255K, capacity 108782K, committed 108952K, reserved 1144832K
  class space    used 13086K, capacity 14479K, committed 14512K, reserved 1048576K
Event: 1173.329 GC heap after
Heap after GC invocations=29 (full 4):
 PSYoungGen      total 556544K, used 29808K [0x00000000d5580000, 0x00000000ff980000, 0x0000000100000000)
  eden space 506368K, 0% used [0x00000000d5580000,0x00000000d5580000,0x00000000f4400000)
  from space 50176K, 59% used [0x00000000f4400000,0x00000000f611c098,0x00000000f7500000)
  to   space 50176K, 0% used [0x00000000fc880000,0x00000000fc880000,0x00000000ff980000)
 ParOldGen       total 331776K, used 86006K [0x0000000080000000, 0x0000000094400000, 0x00000000d5580000)
  object space 331776K, 25% used [0x0000000080000000,0x00000000853fd928,0x0000000094400000)
 Metaspace       used 101255K, capacity 108782K, committed 108952K, reserved 1144832K
  class space    used 13086K, capacity 14479K, committed 14512K, reserved 1048576K
}
Event: 1264.102 GC heap before
{Heap before GC invocations=30 (full 4):
 PSYoungGen      total 556544K, used 536176K [0x00000000d5580000, 0x00000000ff980000, 0x0000000100000000)
  eden space 506368K, 100% used [0x00000000d5580000,0x00000000f4400000,0x00000000f4400000)
  from space 50176K, 59% used [0x00000000f4400000,0x00000000f611c098,0x00000000f7500000)
  to   space 50176K, 0% used [0x00000000fc880000,0x00000000fc880000,0x00000000ff980000)
 ParOldGen       total 331776K, used 86006K [0x0000000080000000, 0x0000000094400000, 0x00000000d5580000)
  object space 331776K, 25% used [0x0000000080000000,0x00000000853fd928,0x0000000094400000)
 Metaspace       used 103181K, capacity 111960K, committed 112280K, reserved 1146880K
  class space    used 13373K, capacity 14954K, committed 15024K, reserved 1048576K
Event: 1264.131 GC heap after
Heap after GC invocations=30 (full 4):
 PSYoungGen      total 617472K, used 16256K [0x00000000d5580000, 0x00000000fec00000, 0x0000000100000000)
  eden space 581120K, 0% used [0x00000000d5580000,0x00000000d5580000,0x00000000f8d00000)
  from space 36352K, 44% used [0x00000000fc880000,0x00000000fd860040,0x00000000fec00000)
  to   space 48640K, 0% used [0x00000000f8d00000,0x00000000f8d00000,0x00000000fbc80000)
 ParOldGen       total 331776K, used 89577K [0x0000000080000000, 0x0000000094400000, 0x00000000d5580000)
  object space 331776K, 26% used [0x0000000080000000,0x000000008577a488,0x0000000094400000)
 Metaspace       used 103181K, capacity 111960K, committed 112280K, reserved 1146880K
  class space    used 13373K, capacity 14954K, committed 15024K, reserved 1048576K
}
Event: 1267.972 GC heap before
{Heap before GC invocations=31 (full 4):
 PSYoungGen      total 617472K, used 597376K [0x00000000d5580000, 0x00000000fec00000, 0x0000000100000000)
  eden space 581120K, 100% used [0x00000000d5580000,0x00000000f8d00000,0x00000000f8d00000)
  from space 36352K, 44% used [0x00000000fc880000,0x00000000fd860040,0x00000000fec00000)
  to   space 48640K, 0% used [0x00000000f8d00000,0x00000000f8d00000,0x00000000fbc80000)
 ParOldGen       total 331776K, used 89577K [0x0000000080000000, 0x0000000094400000, 0x00000000d5580000)
  object space 331776K, 26% used [0x0000000080000000,0x000000008577a488,0x0000000094400000)
 Metaspace       used 117796K, capacity 127808K, committed 128024K, reserved 1161216K
  class space    used 15342K, capacity 17108K, committed 17200K, reserved 1048576K
Event: 1268.035 GC heap after
Heap after GC invocations=31 (full 4):
 PSYoungGen      total 629760K, used 48612K [0x00000000d5580000, 0x0000000100000000, 0x0000000100000000)
  eden space 581120K, 0% used [0x00000000d5580000,0x00000000d5580000,0x00000000f8d00000)
  from space 48640K, 99% used [0x00000000f8d00000,0x00000000fbc79260,0x00000000fbc80000)
  to   space 59392K, 0% used [0x00000000fc600000,0x00000000fc600000,0x0000000100000000)
 ParOldGen       total 331776K, used 98875K [0x0000000080000000, 0x0000000094400000, 0x00000000d5580000)
  object space 331776K, 29% used [0x0000000080000000,0x000000008608ecd0,0x0000000094400000)
 Metaspace       used 117796K, capacity 127808K, committed 128024K, reserved 1161216K
  class space    used 15342K, capacity 17108K, committed 17200K, reserved 1048576K
}

